2000.07.05 22:19 B c:\my documents\encephalon_production\stuff\81799.html <-- encephalon /home/evanrose/public_html/stuff 81799.html
2000.07.05 22:19 B c:\my documents\encephalon_production\stuff\82899.html <-- encephalon /home/evanrose/public_html/stuff 82899.html
2000.07.05 22:19 B c:\my documents\encephalon_production\stuff\97.html <-- encephalon /home/evanrose/public_html/stuff 97.html
2000.07.05 22:19 B c:\my documents\encephalon_production\stuff\anotherpicofevan.html <-- encephalon /home/evanrose/public_html/stuff anotherpicofevan.html
2000.07.05 22:19 B c:\my documents\encephalon_production\stuff\atoday.html <-- encephalon /home/evanrose/public_html/stuff atoday.html
2000.07.05 22:19 B c:\my documents\encephalon_production\stuff\back.html <-- encephalon /home/evanrose/public_html/stuff back.html
2000.07.05 22:19 B c:\my documents\encephalon_production\stuff\back.txt <-- encephalon /home/evanrose/public_html/stuff back.txt
2000.07.05 22:19 B c:\my documents\encephalon_production\stuff\Btoday.html <-- encephalon /home/evanrose/public_html/stuff Btoday.html
2000.07.05 22:20 B c:\my documents\encephalon_production\stuff\evanrose.jpg <-- encephalon /home/evanrose/public_html/stuff evanrose.jpg
2000.07.05 22:20 B c:\my documents\encephalon_production\stuff\index.html <-- encephalon /home/evanrose/public_html/stuff index.html
2000.07.05 22:20 B c:\my documents\encephalon_production\stuff\index1.html <-- encephalon /home/evanrose/public_html/stuff index1.html
2000.07.05 22:20 B c:\my documents\encephalon_production\stuff\jason.html <-- encephalon /home/evanrose/public_html/stuff jason.html
2000.07.05 22:20 B c:\my documents\encephalon_production\stuff\john.html <-- encephalon /home/evanrose/public_html/stuff john.html
2000.07.05 22:20 B c:\my documents\encephalon_production\stuff\mattandrebecca2.jpg <-- encephalon /home/evanrose/public_html/stuff mattandrebecca2.jpg
2000.07.05 22:20 B c:\my documents\encephalon_production\stuff\milan.html <-- encephalon /home/evanrose/public_html/stuff milan.html
2000.07.05 22:21 B c:\my documents\encephalon_production\stuff\pjs.jpg <-- encephalon /home/evanrose/public_html/stuff pjs.jpg
2000.07.05 22:21 B c:\my documents\encephalon_production\stuff\recipe.html <-- encephalon /home/evanrose/public_html/stuff recipe.html
2000.07.05 22:21 B c:\my documents\encephalon_production\stuff\secrets.html <-- encephalon /home/evanrose/public_html/stuff secrets.html
2000.07.05 22:21 B c:\my documents\encephalon_production\stuff\Woodland Farms Inventory 1_7_98 <-- encephalon /home/evanrose/public_html/stuff Woodland Farms Inventory 1_7_98
2000.07.05 22:21 B c:\my documents\encephalon_production\stuff\workindex.html <-- encephalon /home/evanrose/public_html/stuff workindex.html
2000.07.17 22:14 A c:\my documents\encephalon_production\stuff\.htaccess <-- encephalon /home/evanrose/public_html/todays .htaccess
2000.07.18 23:07 B c:\my documents\encephalon_production\stuff\.htaccess --> oak.he.net /home/evanrose/public_html/stuff .htaccess
2000.07.18 23:07 B c:\my documents\encephalon_production\stuff\81799.html --> oak.he.net /home/evanrose/public_html/stuff 81799.html
2000.07.18 23:07 B c:\my documents\encephalon_production\stuff\82899.html --> oak.he.net /home/evanrose/public_html/stuff 82899.html
2000.07.18 23:07 B c:\my documents\encephalon_production\stuff\97.html --> oak.he.net /home/evanrose/public_html/stuff 97.html
2000.07.18 23:07 B c:\my documents\encephalon_production\stuff\anotherpicofevan.html --> oak.he.net /home/evanrose/public_html/stuff anotherpicofevan.html
2000.07.18 23:07 B c:\my documents\encephalon_production\stuff\atoday.html --> oak.he.net /home/evanrose/public_html/stuff atoday.html
2000.07.18 23:07 B c:\my documents\encephalon_production\stuff\back.html --> oak.he.net /home/evanrose/public_html/stuff back.html
2000.07.18 23:07 B c:\my documents\encephalon_production\stuff\back.txt --> oak.he.net /home/evanrose/public_html/stuff back.txt
2000.07.18 23:07 B c:\my documents\encephalon_production\stuff\Btoday.html --> oak.he.net /home/evanrose/public_html/stuff Btoday.html
2000.07.18 23:08 B c:\my documents\encephalon_production\stuff\evanrose.jpg --> oak.he.net /home/evanrose/public_html/stuff evanrose.jpg
2000.07.18 23:08 B c:\my documents\encephalon_production\stuff\index.html --> oak.he.net /home/evanrose/public_html/stuff index.html
2000.07.18 23:08 B c:\my documents\encephalon_production\stuff\index1.html --> oak.he.net /home/evanrose/public_html/stuff index1.html
2000.07.18 23:08 B c:\my documents\encephalon_production\stuff\jason.html --> oak.he.net /home/evanrose/public_html/stuff jason.html
2000.07.18 23:09 B c:\my documents\encephalon_production\stuff\john.html --> oak.he.net /home/evanrose/public_html/stuff john.html
2000.07.18 23:09 B c:\my documents\encephalon_production\stuff\lurking.html --> oak.he.net /home/evanrose/public_html/stuff lurking.html
2000.07.18 23:09 B c:\my documents\encephalon_production\stuff\mattandrebecca2.jpg --> oak.he.net /home/evanrose/public_html/stuff mattandrebecca2.jpg
2000.07.18 23:09 B c:\my documents\encephalon_production\stuff\milan.html --> oak.he.net /home/evanrose/public_html/stuff milan.html
2000.07.18 23:10 B c:\my documents\encephalon_production\stuff\pjs.jpg --> oak.he.net /home/evanrose/public_html/stuff pjs.jpg
2000.07.18 23:10 B c:\my documents\encephalon_production\stuff\recipe.html --> oak.he.net /home/evanrose/public_html/stuff recipe.html
2000.07.18 23:10 B c:\my documents\encephalon_production\stuff\secrets.html --> oak.he.net /home/evanrose/public_html/stuff secrets.html
2000.07.18 23:11 B c:\my documents\encephalon_production\stuff\Woodland Farms Inventory 1_7_98 --> oak.he.net /home/evanrose/public_html/stuff Woodland Farms Inventory 1_7_98
2000.07.18 23:11 B c:\my documents\encephalon_production\stuff\workindex.html --> oak.he.net /home/evanrose/public_html/stuff workindex.html
