2000.07.05 22:21 B c:\my documents\encephalon_production\todays\000101.html <-- encephalon /home/evanrose/public_html/todays 000101.html
2000.07.05 22:21 B c:\my documents\encephalon_production\todays\000103.html <-- encephalon /home/evanrose/public_html/todays 000103.html
2000.07.05 22:21 B c:\my documents\encephalon_production\todays\000104.html <-- encephalon /home/evanrose/public_html/todays 000104.html
2000.07.05 22:21 B c:\my documents\encephalon_production\todays\000106.html <-- encephalon /home/evanrose/public_html/todays 000106.html
2000.07.05 22:21 B c:\my documents\encephalon_production\todays\000108.html <-- encephalon /home/evanrose/public_html/todays 000108.html
2000.07.05 22:22 B c:\my documents\encephalon_production\todays\000109.html <-- encephalon /home/evanrose/public_html/todays 000109.html
2000.07.05 22:22 B c:\my documents\encephalon_production\todays\000113.html <-- encephalon /home/evanrose/public_html/todays 000113.html
2000.07.05 22:22 B c:\my documents\encephalon_production\todays\000115.html <-- encephalon /home/evanrose/public_html/todays 000115.html
2000.07.05 22:22 B c:\my documents\encephalon_production\todays\000117.html <-- encephalon /home/evanrose/public_html/todays 000117.html
2000.07.05 22:22 B c:\my documents\encephalon_production\todays\000119.html <-- encephalon /home/evanrose/public_html/todays 000119.html
2000.07.05 22:22 B c:\my documents\encephalon_production\todays\000120.html <-- encephalon /home/evanrose/public_html/todays 000120.html
2000.07.05 22:22 B c:\my documents\encephalon_production\todays\000121.html <-- encephalon /home/evanrose/public_html/todays 000121.html
2000.07.05 22:22 B c:\my documents\encephalon_production\todays\000124.html <-- encephalon /home/evanrose/public_html/todays 000124.html
2000.07.05 22:22 B c:\my documents\encephalon_production\todays\000126.html <-- encephalon /home/evanrose/public_html/todays 000126.html
2000.07.05 22:22 B c:\my documents\encephalon_production\todays\000128.html <-- encephalon /home/evanrose/public_html/todays 000128.html
2000.07.05 22:22 B c:\my documents\encephalon_production\todays\000130.html <-- encephalon /home/evanrose/public_html/todays 000130.html
2000.07.05 22:22 B c:\my documents\encephalon_production\todays\000201.html <-- encephalon /home/evanrose/public_html/todays 000201.html
2000.07.05 22:22 B c:\my documents\encephalon_production\todays\000204.html <-- encephalon /home/evanrose/public_html/todays 000204.html
2000.07.05 22:22 B c:\my documents\encephalon_production\todays\000205.html <-- encephalon /home/evanrose/public_html/todays 000205.html
2000.07.05 22:22 B c:\my documents\encephalon_production\todays\000206.html <-- encephalon /home/evanrose/public_html/todays 000206.html
2000.07.05 22:22 B c:\my documents\encephalon_production\todays\000209.html <-- encephalon /home/evanrose/public_html/todays 000209.html
2000.07.05 22:22 B c:\my documents\encephalon_production\todays\000212.html <-- encephalon /home/evanrose/public_html/todays 000212.html
2000.07.05 22:22 B c:\my documents\encephalon_production\todays\000215.html <-- encephalon /home/evanrose/public_html/todays 000215.html
2000.07.05 22:22 B c:\my documents\encephalon_production\todays\000217.html <-- encephalon /home/evanrose/public_html/todays 000217.html
2000.07.05 22:22 B c:\my documents\encephalon_production\todays\000218.html <-- encephalon /home/evanrose/public_html/todays 000218.html
2000.07.05 22:22 B c:\my documents\encephalon_production\todays\000221.html <-- encephalon /home/evanrose/public_html/todays 000221.html
2000.07.05 22:22 B c:\my documents\encephalon_production\todays\000222.html <-- encephalon /home/evanrose/public_html/todays 000222.html
2000.07.05 22:22 B c:\my documents\encephalon_production\todays\000224.html <-- encephalon /home/evanrose/public_html/todays 000224.html
2000.07.05 22:22 B c:\my documents\encephalon_production\todays\000225.html <-- encephalon /home/evanrose/public_html/todays 000225.html
2000.07.05 22:22 B c:\my documents\encephalon_production\todays\000227.html <-- encephalon /home/evanrose/public_html/todays 000227.html
2000.07.05 22:22 B c:\my documents\encephalon_production\todays\000229.html <-- encephalon /home/evanrose/public_html/todays 000229.html
2000.07.05 22:22 B c:\my documents\encephalon_production\todays\000302.html <-- encephalon /home/evanrose/public_html/todays 000302.html
2000.07.05 22:22 B c:\my documents\encephalon_production\todays\000305.html <-- encephalon /home/evanrose/public_html/todays 000305.html
2000.07.05 22:22 B c:\my documents\encephalon_production\todays\000306.html <-- encephalon /home/evanrose/public_html/todays 000306.html
2000.07.05 22:22 B c:\my documents\encephalon_production\todays\000308.html <-- encephalon /home/evanrose/public_html/todays 000308.html
2000.07.05 22:23 B c:\my documents\encephalon_production\todays\000309.html <-- encephalon /home/evanrose/public_html/todays 000309.html
2000.07.05 22:23 B c:\my documents\encephalon_production\todays\000311.html <-- encephalon /home/evanrose/public_html/todays 000311.html
2000.07.05 22:23 B c:\my documents\encephalon_production\todays\000313.html <-- encephalon /home/evanrose/public_html/todays 000313.html
2000.07.05 22:23 B c:\my documents\encephalon_production\todays\000315.html <-- encephalon /home/evanrose/public_html/todays 000315.html
2000.07.05 22:23 B c:\my documents\encephalon_production\todays\000318.html <-- encephalon /home/evanrose/public_html/todays 000318.html
2000.07.05 22:23 B c:\my documents\encephalon_production\todays\000320.html <-- encephalon /home/evanrose/public_html/todays 000320.html
2000.07.05 22:23 B c:\my documents\encephalon_production\todays\000322.html <-- encephalon /home/evanrose/public_html/todays 000322.html
2000.07.05 22:23 B c:\my documents\encephalon_production\todays\000323.html <-- encephalon /home/evanrose/public_html/todays 000323.html
2000.07.05 22:23 B c:\my documents\encephalon_production\todays\000324.html <-- encephalon /home/evanrose/public_html/todays 000324.html
2000.07.05 22:23 B c:\my documents\encephalon_production\todays\000327.html <-- encephalon /home/evanrose/public_html/todays 000327.html
2000.07.05 22:23 B c:\my documents\encephalon_production\todays\000329.html <-- encephalon /home/evanrose/public_html/todays 000329.html
2000.07.05 22:23 B c:\my documents\encephalon_production\todays\000330.html <-- encephalon /home/evanrose/public_html/todays 000330.html
2000.07.05 22:23 B c:\my documents\encephalon_production\todays\000331.html <-- encephalon /home/evanrose/public_html/todays 000331.html
2000.07.05 22:23 B c:\my documents\encephalon_production\todays\000401.html <-- encephalon /home/evanrose/public_html/todays 000401.html
2000.07.05 22:23 B c:\my documents\encephalon_production\todays\000403.html <-- encephalon /home/evanrose/public_html/todays 000403.html
2000.07.05 22:23 B c:\my documents\encephalon_production\todays\000406.html <-- encephalon /home/evanrose/public_html/todays 000406.html
2000.07.05 22:23 B c:\my documents\encephalon_production\todays\000409.html <-- encephalon /home/evanrose/public_html/todays 000409.html
2000.07.05 22:23 B c:\my documents\encephalon_production\todays\000411.html <-- encephalon /home/evanrose/public_html/todays 000411.html
2000.07.05 22:23 B c:\my documents\encephalon_production\todays\000413.html <-- encephalon /home/evanrose/public_html/todays 000413.html
2000.07.05 22:23 B c:\my documents\encephalon_production\todays\000416.html <-- encephalon /home/evanrose/public_html/todays 000416.html
2000.07.05 22:23 B c:\my documents\encephalon_production\todays\000418.html <-- encephalon /home/evanrose/public_html/todays 000418.html
2000.07.05 22:23 B c:\my documents\encephalon_production\todays\000420.html <-- encephalon /home/evanrose/public_html/todays 000420.html
2000.07.05 22:23 B c:\my documents\encephalon_production\todays\000422.html <-- encephalon /home/evanrose/public_html/todays 000422.html
2000.07.05 22:23 B c:\my documents\encephalon_production\todays\000425.html <-- encephalon /home/evanrose/public_html/todays 000425.html
2000.07.05 22:23 B c:\my documents\encephalon_production\todays\000428.html <-- encephalon /home/evanrose/public_html/todays 000428.html
2000.07.05 22:23 B c:\my documents\encephalon_production\todays\000429.html <-- encephalon /home/evanrose/public_html/todays 000429.html
2000.07.05 22:23 B c:\my documents\encephalon_production\todays\000502.html <-- encephalon /home/evanrose/public_html/todays 000502.html
2000.07.05 22:24 B c:\my documents\encephalon_production\todays\000505.html <-- encephalon /home/evanrose/public_html/todays 000505.html
2000.07.05 22:24 B c:\my documents\encephalon_production\todays\000506.html <-- encephalon /home/evanrose/public_html/todays 000506.html
2000.07.05 22:24 B c:\my documents\encephalon_production\todays\000508.html <-- encephalon /home/evanrose/public_html/todays 000508.html
2000.07.05 22:24 B c:\my documents\encephalon_production\todays\000510.html <-- encephalon /home/evanrose/public_html/todays 000510.html
2000.07.05 22:24 B c:\my documents\encephalon_production\todays\000511.html <-- encephalon /home/evanrose/public_html/todays 000511.html
2000.07.05 22:24 B c:\my documents\encephalon_production\todays\000516.html <-- encephalon /home/evanrose/public_html/todays 000516.html
2000.07.05 22:24 B c:\my documents\encephalon_production\todays\000518.html <-- encephalon /home/evanrose/public_html/todays 000518.html
2000.07.05 22:24 B c:\my documents\encephalon_production\todays\000521.html <-- encephalon /home/evanrose/public_html/todays 000521.html
2000.07.05 22:24 B c:\my documents\encephalon_production\todays\000524.html <-- encephalon /home/evanrose/public_html/todays 000524.html
2000.07.05 22:24 B c:\my documents\encephalon_production\todays\000530.html <-- encephalon /home/evanrose/public_html/todays 000530.html
2000.07.05 22:24 B c:\my documents\encephalon_production\todays\000602.html <-- encephalon /home/evanrose/public_html/todays 000602.html
2000.07.05 22:24 B c:\my documents\encephalon_production\todays\000604.html <-- encephalon /home/evanrose/public_html/todays 000604.html
2000.07.05 22:24 B c:\my documents\encephalon_production\todays\000609.html <-- encephalon /home/evanrose/public_html/todays 000609.html
2000.07.05 22:24 B c:\my documents\encephalon_production\todays\000612.html <-- encephalon /home/evanrose/public_html/todays 000612.html
2000.07.05 22:24 B c:\my documents\encephalon_production\todays\000614.html <-- encephalon /home/evanrose/public_html/todays 000614.html
2000.07.05 22:24 B c:\my documents\encephalon_production\todays\000618.html <-- encephalon /home/evanrose/public_html/todays 000618.html
2000.07.05 22:24 B c:\my documents\encephalon_production\todays\000621.html <-- encephalon /home/evanrose/public_html/todays 000621.html
2000.07.05 22:24 B c:\my documents\encephalon_production\todays\000626.html <-- encephalon /home/evanrose/public_html/todays 000626.html
2000.07.05 22:24 B c:\my documents\encephalon_production\todays\000628.html <-- encephalon /home/evanrose/public_html/todays 000628.html
2000.07.05 22:24 B c:\my documents\encephalon_production\todays\000702.html <-- encephalon /home/evanrose/public_html/todays 000702.html
2000.07.05 22:24 B c:\my documents\encephalon_production\todays\991113.html <-- encephalon /home/evanrose/public_html/todays 991113.html
2000.07.05 22:24 B c:\my documents\encephalon_production\todays\991115.html <-- encephalon /home/evanrose/public_html/todays 991115.html
2000.07.05 22:24 B c:\my documents\encephalon_production\todays\991118.html <-- encephalon /home/evanrose/public_html/todays 991118.html
2000.07.05 22:24 B c:\my documents\encephalon_production\todays\991124.html <-- encephalon /home/evanrose/public_html/todays 991124.html
2000.07.05 22:24 B c:\my documents\encephalon_production\todays\991130.html <-- encephalon /home/evanrose/public_html/todays 991130.html
2000.07.05 22:24 B c:\my documents\encephalon_production\todays\991202.html <-- encephalon /home/evanrose/public_html/todays 991202.html
2000.07.05 22:24 B c:\my documents\encephalon_production\todays\991205.html <-- encephalon /home/evanrose/public_html/todays 991205.html
2000.07.05 22:24 B c:\my documents\encephalon_production\todays\991210.html <-- encephalon /home/evanrose/public_html/todays 991210.html
2000.07.05 22:24 B c:\my documents\encephalon_production\todays\991216.html <-- encephalon /home/evanrose/public_html/todays 991216.html
2000.07.05 22:24 B c:\my documents\encephalon_production\todays\991218.html <-- encephalon /home/evanrose/public_html/todays 991218.html
2000.07.05 22:24 B c:\my documents\encephalon_production\todays\991227.html <-- encephalon /home/evanrose/public_html/todays 991227.html
2000.07.05 22:24 B c:\my documents\encephalon_production\todays\index.html <-- encephalon /home/evanrose/public_html/todays index.html
2000.07.05 22:25 B c:\my documents\encephalon_production\todays\today.html <-- encephalon /home/evanrose/public_html/todays today.html
2000.07.05 22:25 B c:\my documents\encephalon_production\todays\vacation1199.html <-- encephalon /home/evanrose/public_html/todays vacation1199.html
2000.07.16 22:10 B c:\my documents\encephalon_production\todays\000705.html <-- encephalon /home/evanrose/public_html/todays 000705.html
2000.07.16 22:10 B c:\my documents\encephalon_production\todays\000708.html <-- encephalon /home/evanrose/public_html/todays 000708.html
2000.07.16 22:10 B c:\my documents\encephalon_production\todays\000711.html <-- encephalon /home/evanrose/public_html/todays 000711.html
2000.07.17 22:13 A c:\my documents\encephalon_production\todays\.htaccess <-- encephalon /home/evanrose/public_html/todays .htaccess
2000.07.17 22:15 A c:\my documents\encephalon_production\todays\index.html <-- encephalon /home/evanrose/public_html/todays index.html
2000.07.17 22:15 A c:\my documents\encephalon_production\todays\today.html <-- encephalon /home/evanrose/public_html/todays today.html
2000.07.18 23:11 B c:\my documents\encephalon_production\todays\.htaccess --> oak.he.net /home/evanrose/public_html/todays .htaccess
2000.07.18 23:11 B c:\my documents\encephalon_production\todays\000101.html --> oak.he.net /home/evanrose/public_html/todays 000101.html
2000.07.18 23:11 B c:\my documents\encephalon_production\todays\000103.html --> oak.he.net /home/evanrose/public_html/todays 000103.html
2000.07.18 23:11 B c:\my documents\encephalon_production\todays\000104.html --> oak.he.net /home/evanrose/public_html/todays 000104.html
2000.07.18 23:11 B c:\my documents\encephalon_production\todays\000106.html --> oak.he.net /home/evanrose/public_html/todays 000106.html
2000.07.18 23:11 B c:\my documents\encephalon_production\todays\000108.html --> oak.he.net /home/evanrose/public_html/todays 000108.html
2000.07.18 23:11 B c:\my documents\encephalon_production\todays\000109.html --> oak.he.net /home/evanrose/public_html/todays 000109.html
2000.07.18 23:12 B c:\my documents\encephalon_production\todays\000113.html --> oak.he.net /home/evanrose/public_html/todays 000113.html
2000.07.18 23:12 B c:\my documents\encephalon_production\todays\000115.html --> oak.he.net /home/evanrose/public_html/todays 000115.html
2000.07.18 23:12 B c:\my documents\encephalon_production\todays\000117.html --> oak.he.net /home/evanrose/public_html/todays 000117.html
2000.07.18 23:12 B c:\my documents\encephalon_production\todays\000119.html --> oak.he.net /home/evanrose/public_html/todays 000119.html
2000.07.18 23:12 B c:\my documents\encephalon_production\todays\000120.html --> oak.he.net /home/evanrose/public_html/todays 000120.html
2000.07.18 23:12 B c:\my documents\encephalon_production\todays\000121.html --> oak.he.net /home/evanrose/public_html/todays 000121.html
2000.07.18 23:12 B c:\my documents\encephalon_production\todays\000124.html --> oak.he.net /home/evanrose/public_html/todays 000124.html
2000.07.18 23:12 B c:\my documents\encephalon_production\todays\000126.html --> oak.he.net /home/evanrose/public_html/todays 000126.html
2000.07.18 23:12 B c:\my documents\encephalon_production\todays\000128.html --> oak.he.net /home/evanrose/public_html/todays 000128.html
2000.07.18 23:12 B c:\my documents\encephalon_production\todays\000130.html --> oak.he.net /home/evanrose/public_html/todays 000130.html
2000.07.18 23:12 B c:\my documents\encephalon_production\todays\000201.html --> oak.he.net /home/evanrose/public_html/todays 000201.html
2000.07.18 23:12 B c:\my documents\encephalon_production\todays\000204.html --> oak.he.net /home/evanrose/public_html/todays 000204.html
2000.07.18 23:12 B c:\my documents\encephalon_production\todays\000205.html --> oak.he.net /home/evanrose/public_html/todays 000205.html
2000.07.18 23:12 B c:\my documents\encephalon_production\todays\000206.html --> oak.he.net /home/evanrose/public_html/todays 000206.html
2000.07.18 23:12 B c:\my documents\encephalon_production\todays\000209.html --> oak.he.net /home/evanrose/public_html/todays 000209.html
2000.07.18 23:12 B c:\my documents\encephalon_production\todays\000212.html --> oak.he.net /home/evanrose/public_html/todays 000212.html
2000.07.18 23:12 B c:\my documents\encephalon_production\todays\000215.html --> oak.he.net /home/evanrose/public_html/todays 000215.html
2000.07.18 23:12 B c:\my documents\encephalon_production\todays\000217.html --> oak.he.net /home/evanrose/public_html/todays 000217.html
2000.07.18 23:12 B c:\my documents\encephalon_production\todays\000218.html --> oak.he.net /home/evanrose/public_html/todays 000218.html
2000.07.18 23:12 B c:\my documents\encephalon_production\todays\000221.html --> oak.he.net /home/evanrose/public_html/todays 000221.html
2000.07.18 23:12 B c:\my documents\encephalon_production\todays\000222.html --> oak.he.net /home/evanrose/public_html/todays 000222.html
2000.07.18 23:12 B c:\my documents\encephalon_production\todays\000224.html --> oak.he.net /home/evanrose/public_html/todays 000224.html
2000.07.18 23:12 B c:\my documents\encephalon_production\todays\000225.html --> oak.he.net /home/evanrose/public_html/todays 000225.html
2000.07.18 23:12 B c:\my documents\encephalon_production\todays\000227.html --> oak.he.net /home/evanrose/public_html/todays 000227.html
2000.07.18 23:12 B c:\my documents\encephalon_production\todays\000229.html --> oak.he.net /home/evanrose/public_html/todays 000229.html
2000.07.18 23:12 B c:\my documents\encephalon_production\todays\000302.html --> oak.he.net /home/evanrose/public_html/todays 000302.html
2000.07.18 23:12 B c:\my documents\encephalon_production\todays\000305.html --> oak.he.net /home/evanrose/public_html/todays 000305.html
2000.07.18 23:12 B c:\my documents\encephalon_production\todays\000306.html --> oak.he.net /home/evanrose/public_html/todays 000306.html
2000.07.18 23:12 B c:\my documents\encephalon_production\todays\000308.html --> oak.he.net /home/evanrose/public_html/todays 000308.html
2000.07.18 23:13 B c:\my documents\encephalon_production\todays\000309.html --> oak.he.net /home/evanrose/public_html/todays 000309.html
2000.07.18 23:13 B c:\my documents\encephalon_production\todays\000311.html --> oak.he.net /home/evanrose/public_html/todays 000311.html
2000.07.18 23:13 B c:\my documents\encephalon_production\todays\000313.html --> oak.he.net /home/evanrose/public_html/todays 000313.html
2000.07.18 23:13 B c:\my documents\encephalon_production\todays\000315.html --> oak.he.net /home/evanrose/public_html/todays 000315.html
2000.07.18 23:13 B c:\my documents\encephalon_production\todays\000318.html --> oak.he.net /home/evanrose/public_html/todays 000318.html
2000.07.18 23:13 B c:\my documents\encephalon_production\todays\000320.html --> oak.he.net /home/evanrose/public_html/todays 000320.html
2000.07.18 23:13 B c:\my documents\encephalon_production\todays\000322.html --> oak.he.net /home/evanrose/public_html/todays 000322.html
2000.07.18 23:13 B c:\my documents\encephalon_production\todays\000323.html --> oak.he.net /home/evanrose/public_html/todays 000323.html
2000.07.18 23:13 B c:\my documents\encephalon_production\todays\000324.html --> oak.he.net /home/evanrose/public_html/todays 000324.html
2000.07.18 23:13 B c:\my documents\encephalon_production\todays\000327.html --> oak.he.net /home/evanrose/public_html/todays 000327.html
2000.07.18 23:13 B c:\my documents\encephalon_production\todays\000329.html --> oak.he.net /home/evanrose/public_html/todays 000329.html
2000.07.18 23:13 B c:\my documents\encephalon_production\todays\000330.html --> oak.he.net /home/evanrose/public_html/todays 000330.html
2000.07.18 23:13 B c:\my documents\encephalon_production\todays\000331.html --> oak.he.net /home/evanrose/public_html/todays 000331.html
2000.07.18 23:13 B c:\my documents\encephalon_production\todays\000401.html --> oak.he.net /home/evanrose/public_html/todays 000401.html
2000.07.18 23:13 B c:\my documents\encephalon_production\todays\000403.html --> oak.he.net /home/evanrose/public_html/todays 000403.html
2000.07.18 23:13 B c:\my documents\encephalon_production\todays\000406.html --> oak.he.net /home/evanrose/public_html/todays 000406.html
2000.07.18 23:13 B c:\my documents\encephalon_production\todays\000409.html --> oak.he.net /home/evanrose/public_html/todays 000409.html
2000.07.18 23:14 B c:\my documents\encephalon_production\todays\000411.html --> oak.he.net /home/evanrose/public_html/todays 000411.html
2000.07.18 23:14 B c:\my documents\encephalon_production\todays\000413.html --> oak.he.net /home/evanrose/public_html/todays 000413.html
2000.07.18 23:14 B c:\my documents\encephalon_production\todays\000416.html --> oak.he.net /home/evanrose/public_html/todays 000416.html
2000.07.18 23:14 B c:\my documents\encephalon_production\todays\000418.html --> oak.he.net /home/evanrose/public_html/todays 000418.html
2000.07.18 23:14 B c:\my documents\encephalon_production\todays\000420.html --> oak.he.net /home/evanrose/public_html/todays 000420.html
2000.07.18 23:14 B c:\my documents\encephalon_production\todays\000422.html --> oak.he.net /home/evanrose/public_html/todays 000422.html
2000.07.18 23:14 B c:\my documents\encephalon_production\todays\000425.html --> oak.he.net /home/evanrose/public_html/todays 000425.html
2000.07.18 23:14 B c:\my documents\encephalon_production\todays\000428.html --> oak.he.net /home/evanrose/public_html/todays 000428.html
2000.07.18 23:14 B c:\my documents\encephalon_production\todays\000429.html --> oak.he.net /home/evanrose/public_html/todays 000429.html
2000.07.18 23:14 B c:\my documents\encephalon_production\todays\000502.html --> oak.he.net /home/evanrose/public_html/todays 000502.html
2000.07.18 23:14 B c:\my documents\encephalon_production\todays\000505.html --> oak.he.net /home/evanrose/public_html/todays 000505.html
2000.07.18 23:14 B c:\my documents\encephalon_production\todays\000506.html --> oak.he.net /home/evanrose/public_html/todays 000506.html
2000.07.18 23:14 B c:\my documents\encephalon_production\todays\000508.html --> oak.he.net /home/evanrose/public_html/todays 000508.html
2000.07.18 23:14 B c:\my documents\encephalon_production\todays\000510.html --> oak.he.net /home/evanrose/public_html/todays 000510.html
2000.07.18 23:14 B c:\my documents\encephalon_production\todays\000511.html --> oak.he.net /home/evanrose/public_html/todays 000511.html
2000.07.18 23:14 B c:\my documents\encephalon_production\todays\000516.html --> oak.he.net /home/evanrose/public_html/todays 000516.html
2000.07.18 23:14 B c:\my documents\encephalon_production\todays\000518.html --> oak.he.net /home/evanrose/public_html/todays 000518.html
2000.07.18 23:14 B c:\my documents\encephalon_production\todays\000521.html --> oak.he.net /home/evanrose/public_html/todays 000521.html
2000.07.18 23:14 B c:\my documents\encephalon_production\todays\000524.html --> oak.he.net /home/evanrose/public_html/todays 000524.html
2000.07.18 23:14 B c:\my documents\encephalon_production\todays\000530.html --> oak.he.net /home/evanrose/public_html/todays 000530.html
2000.07.18 23:14 B c:\my documents\encephalon_production\todays\000602.html --> oak.he.net /home/evanrose/public_html/todays 000602.html
2000.07.18 23:14 B c:\my documents\encephalon_production\todays\000604.html --> oak.he.net /home/evanrose/public_html/todays 000604.html
2000.07.18 23:14 B c:\my documents\encephalon_production\todays\000609.html --> oak.he.net /home/evanrose/public_html/todays 000609.html
2000.07.18 23:14 B c:\my documents\encephalon_production\todays\000612.html --> oak.he.net /home/evanrose/public_html/todays 000612.html
2000.07.18 23:14 B c:\my documents\encephalon_production\todays\000614.html --> oak.he.net /home/evanrose/public_html/todays 000614.html
2000.07.18 23:14 B c:\my documents\encephalon_production\todays\000618.html --> oak.he.net /home/evanrose/public_html/todays 000618.html
2000.07.18 23:14 B c:\my documents\encephalon_production\todays\000621.html --> oak.he.net /home/evanrose/public_html/todays 000621.html
2000.07.18 23:14 B c:\my documents\encephalon_production\todays\000626.html --> oak.he.net /home/evanrose/public_html/todays 000626.html
2000.07.18 23:14 B c:\my documents\encephalon_production\todays\000628.html --> oak.he.net /home/evanrose/public_html/todays 000628.html
2000.07.18 23:14 B c:\my documents\encephalon_production\todays\000702.html --> oak.he.net /home/evanrose/public_html/todays 000702.html
2000.07.18 23:14 B c:\my documents\encephalon_production\todays\000705.html --> oak.he.net /home/evanrose/public_html/todays 000705.html
2000.07.18 23:14 B c:\my documents\encephalon_production\todays\000708.html --> oak.he.net /home/evanrose/public_html/todays 000708.html
2000.07.18 23:14 B c:\my documents\encephalon_production\todays\000711.html --> oak.he.net /home/evanrose/public_html/todays 000711.html
2000.07.18 23:15 B c:\my documents\encephalon_production\todays\000715.html --> oak.he.net /home/evanrose/public_html/todays 000715.html
2000.07.18 23:15 B c:\my documents\encephalon_production\todays\991113.html --> oak.he.net /home/evanrose/public_html/todays 991113.html
2000.07.18 23:15 B c:\my documents\encephalon_production\todays\991115.html --> oak.he.net /home/evanrose/public_html/todays 991115.html
2000.07.18 23:15 B c:\my documents\encephalon_production\todays\991118.html --> oak.he.net /home/evanrose/public_html/todays 991118.html
2000.07.18 23:15 B c:\my documents\encephalon_production\todays\991124.html --> oak.he.net /home/evanrose/public_html/todays 991124.html
2000.07.18 23:15 B c:\my documents\encephalon_production\todays\991130.html --> oak.he.net /home/evanrose/public_html/todays 991130.html
2000.07.18 23:15 B c:\my documents\encephalon_production\todays\991202.html --> oak.he.net /home/evanrose/public_html/todays 991202.html
2000.07.18 23:15 B c:\my documents\encephalon_production\todays\991205.html --> oak.he.net /home/evanrose/public_html/todays 991205.html
2000.07.18 23:15 B c:\my documents\encephalon_production\todays\991210.html --> oak.he.net /home/evanrose/public_html/todays 991210.html
2000.07.18 23:15 B c:\my documents\encephalon_production\todays\991216.html --> oak.he.net /home/evanrose/public_html/todays 991216.html
2000.07.18 23:15 B c:\my documents\encephalon_production\todays\991218.html --> oak.he.net /home/evanrose/public_html/todays 991218.html
2000.07.18 23:15 B c:\my documents\encephalon_production\todays\991227.html --> oak.he.net /home/evanrose/public_html/todays 991227.html
2000.07.18 23:15 B c:\my documents\encephalon_production\todays\index.html --> oak.he.net /home/evanrose/public_html/todays index.html
2000.07.18 23:15 B c:\my documents\encephalon_production\todays\today.html --> oak.he.net /home/evanrose/public_html/todays today.html
2000.07.18 23:15 B c:\my documents\encephalon_production\todays\vacation1199.html --> oak.he.net /home/evanrose/public_html/todays vacation1199.html
