2000.07.05 22:25 B c:\my documents\encephalon_production\writing\aletter.html <-- encephalon /home/evanrose/public_html/writing aletter.html
2000.07.05 22:25 B c:\my documents\encephalon_production\writing\alone.html <-- encephalon /home/evanrose/public_html/writing alone.html
2000.07.05 22:25 B c:\my documents\encephalon_production\writing\anangry.html <-- encephalon /home/evanrose/public_html/writing anangry.html
2000.07.05 22:25 B c:\my documents\encephalon_production\writing\article01.html <-- encephalon /home/evanrose/public_html/writing article01.html
2000.07.05 22:25 B c:\my documents\encephalon_production\writing\article02.html <-- encephalon /home/evanrose/public_html/writing article02.html
2000.07.05 22:25 B c:\my documents\encephalon_production\writing\article03.html <-- encephalon /home/evanrose/public_html/writing article03.html
2000.07.05 22:25 B c:\my documents\encephalon_production\writing\beginning.html <-- encephalon /home/evanrose/public_html/writing beginning.html
2000.07.05 22:25 B c:\my documents\encephalon_production\writing\blank.html <-- encephalon /home/evanrose/public_html/writing blank.html
2000.07.05 22:25 B c:\my documents\encephalon_production\writing\ending.html <-- encephalon /home/evanrose/public_html/writing ending.html
2000.07.05 22:25 B c:\my documents\encephalon_production\writing\fiction.html <-- encephalon /home/evanrose/public_html/writing fiction.html
2000.07.05 22:25 B c:\my documents\encephalon_production\writing\flight.html <-- encephalon /home/evanrose/public_html/writing flight.html
2000.07.05 22:25 B c:\my documents\encephalon_production\writing\godthis.html <-- encephalon /home/evanrose/public_html/writing godthis.html
2000.07.05 22:25 B c:\my documents\encephalon_production\writing\hermind.html <-- encephalon /home/evanrose/public_html/writing hermind.html
2000.07.05 22:25 B c:\my documents\encephalon_production\writing\index.html <-- encephalon /home/evanrose/public_html/writing index.html
2000.07.05 22:25 B c:\my documents\encephalon_production\writing\iwatch.html <-- encephalon /home/evanrose/public_html/writing iwatch.html
2000.07.05 22:25 B c:\my documents\encephalon_production\writing\laundry.html <-- encephalon /home/evanrose/public_html/writing laundry.html
2000.07.05 22:25 B c:\my documents\encephalon_production\writing\letters.html <-- encephalon /home/evanrose/public_html/writing letters.html
2000.07.05 22:25 B c:\my documents\encephalon_production\writing\nonfiction.html <-- encephalon /home/evanrose/public_html/writing nonfiction.html
2000.07.05 22:25 B c:\my documents\encephalon_production\writing\ohiam.html <-- encephalon /home/evanrose/public_html/writing ohiam.html
2000.07.05 22:25 B c:\my documents\encephalon_production\writing\question.html <-- encephalon /home/evanrose/public_html/writing question.html
2000.07.05 22:25 B c:\my documents\encephalon_production\writing\sitting.html <-- encephalon /home/evanrose/public_html/writing sitting.html
2000.07.05 22:26 B c:\my documents\encephalon_production\writing\sittingon.html <-- encephalon /home/evanrose/public_html/writing sittingon.html
2000.07.05 22:26 B c:\my documents\encephalon_production\writing\soim.html <-- encephalon /home/evanrose/public_html/writing soim.html
2000.07.05 22:26 B c:\my documents\encephalon_production\writing\thatgirl.html <-- encephalon /home/evanrose/public_html/writing thatgirl.html
2000.07.05 22:26 B c:\my documents\encephalon_production\writing\thediner.html <-- encephalon /home/evanrose/public_html/writing thediner.html
2000.07.05 22:26 B c:\my documents\encephalon_production\writing\theletter.html <-- encephalon /home/evanrose/public_html/writing theletter.html
2000.07.05 22:26 B c:\my documents\encephalon_production\writing\thevery.html <-- encephalon /home/evanrose/public_html/writing thevery.html
2000.07.05 22:26 B c:\my documents\encephalon_production\writing\transam.html <-- encephalon /home/evanrose/public_html/writing transam.html
2000.07.05 22:26 B c:\my documents\encephalon_production\writing\waiting.html <-- encephalon /home/evanrose/public_html/writing waiting.html
2000.07.05 22:26 B c:\my documents\encephalon_production\writing\weekend.html <-- encephalon /home/evanrose/public_html/writing weekend.html
2000.07.05 22:26 B c:\my documents\encephalon_production\writing\what.html <-- encephalon /home/evanrose/public_html/writing what.html
2000.07.05 22:26 B c:\my documents\encephalon_production\writing\wheni.html <-- encephalon /home/evanrose/public_html/writing wheni.html
2000.07.05 22:26 B c:\my documents\encephalon_production\writing\whereis.html <-- encephalon /home/evanrose/public_html/writing whereis.html
2000.07.05 22:26 B c:\my documents\encephalon_production\writing\writing.html <-- encephalon /home/evanrose/public_html/writing writing.html
2000.07.05 22:26 B c:\my documents\encephalon_production\writing\you.html <-- encephalon /home/evanrose/public_html/writing you.html
2000.07.05 22:26 B c:\my documents\encephalon_production\writing\youasked.html <-- encephalon /home/evanrose/public_html/writing youasked.html
2000.07.17 22:13 A c:\my documents\encephalon_production\writing\.htaccess <-- encephalon /home/evanrose/public_html/todays .htaccess
2000.07.18 23:15 B c:\my documents\encephalon_production\writing\.htaccess --> oak.he.net /home/evanrose/public_html/writing .htaccess
2000.07.18 23:15 B c:\my documents\encephalon_production\writing\aletter.html --> oak.he.net /home/evanrose/public_html/writing aletter.html
2000.07.18 23:15 B c:\my documents\encephalon_production\writing\alone.html --> oak.he.net /home/evanrose/public_html/writing alone.html
2000.07.18 23:15 B c:\my documents\encephalon_production\writing\anangry.html --> oak.he.net /home/evanrose/public_html/writing anangry.html
2000.07.18 23:15 B c:\my documents\encephalon_production\writing\article01.html --> oak.he.net /home/evanrose/public_html/writing article01.html
2000.07.18 23:16 B c:\my documents\encephalon_production\writing\article02.html --> oak.he.net /home/evanrose/public_html/writing article02.html
2000.07.18 23:16 B c:\my documents\encephalon_production\writing\article03.html --> oak.he.net /home/evanrose/public_html/writing article03.html
2000.07.18 23:16 B c:\my documents\encephalon_production\writing\beginning.html --> oak.he.net /home/evanrose/public_html/writing beginning.html
2000.07.18 23:16 B c:\my documents\encephalon_production\writing\blank.html --> oak.he.net /home/evanrose/public_html/writing blank.html
2000.07.18 23:16 B c:\my documents\encephalon_production\writing\ending.html --> oak.he.net /home/evanrose/public_html/writing ending.html
2000.07.18 23:16 B c:\my documents\encephalon_production\writing\fiction.html --> oak.he.net /home/evanrose/public_html/writing fiction.html
2000.07.18 23:16 B c:\my documents\encephalon_production\writing\flight.html --> oak.he.net /home/evanrose/public_html/writing flight.html
2000.07.18 23:16 B c:\my documents\encephalon_production\writing\godthis.html --> oak.he.net /home/evanrose/public_html/writing godthis.html
2000.07.18 23:16 B c:\my documents\encephalon_production\writing\hermind.html --> oak.he.net /home/evanrose/public_html/writing hermind.html
2000.07.18 23:16 B c:\my documents\encephalon_production\writing\index.html --> oak.he.net /home/evanrose/public_html/writing index.html
2000.07.18 23:16 B c:\my documents\encephalon_production\writing\iwatch.html --> oak.he.net /home/evanrose/public_html/writing iwatch.html
2000.07.18 23:16 B c:\my documents\encephalon_production\writing\laundry.html --> oak.he.net /home/evanrose/public_html/writing laundry.html
2000.07.18 23:16 B c:\my documents\encephalon_production\writing\letters.html --> oak.he.net /home/evanrose/public_html/writing letters.html
2000.07.18 23:16 B c:\my documents\encephalon_production\writing\nonfiction.html --> oak.he.net /home/evanrose/public_html/writing nonfiction.html
2000.07.18 23:16 B c:\my documents\encephalon_production\writing\ohiam.html --> oak.he.net /home/evanrose/public_html/writing ohiam.html
2000.07.18 23:16 B c:\my documents\encephalon_production\writing\question.html --> oak.he.net /home/evanrose/public_html/writing question.html
2000.07.18 23:16 B c:\my documents\encephalon_production\writing\sitting.html --> oak.he.net /home/evanrose/public_html/writing sitting.html
2000.07.18 23:16 B c:\my documents\encephalon_production\writing\sittingon.html --> oak.he.net /home/evanrose/public_html/writing sittingon.html
2000.07.18 23:16 B c:\my documents\encephalon_production\writing\soim.html --> oak.he.net /home/evanrose/public_html/writing soim.html
2000.07.18 23:16 B c:\my documents\encephalon_production\writing\thatgirl.html --> oak.he.net /home/evanrose/public_html/writing thatgirl.html
2000.07.18 23:16 B c:\my documents\encephalon_production\writing\thediner.html --> oak.he.net /home/evanrose/public_html/writing thediner.html
2000.07.18 23:16 B c:\my documents\encephalon_production\writing\theletter.html --> oak.he.net /home/evanrose/public_html/writing theletter.html
2000.07.18 23:16 B c:\my documents\encephalon_production\writing\thevery.html --> oak.he.net /home/evanrose/public_html/writing thevery.html
2000.07.18 23:16 B c:\my documents\encephalon_production\writing\transam.html --> oak.he.net /home/evanrose/public_html/writing transam.html
2000.07.18 23:16 B c:\my documents\encephalon_production\writing\waiting.html --> oak.he.net /home/evanrose/public_html/writing waiting.html
2000.07.18 23:16 B c:\my documents\encephalon_production\writing\weekend.html --> oak.he.net /home/evanrose/public_html/writing weekend.html
2000.07.18 23:16 B c:\my documents\encephalon_production\writing\what.html --> oak.he.net /home/evanrose/public_html/writing what.html
2000.07.18 23:16 B c:\my documents\encephalon_production\writing\wheni.html --> oak.he.net /home/evanrose/public_html/writing wheni.html
2000.07.18 23:16 B c:\my documents\encephalon_production\writing\whereis.html --> oak.he.net /home/evanrose/public_html/writing whereis.html
2000.07.18 23:16 B c:\my documents\encephalon_production\writing\writing.html --> oak.he.net /home/evanrose/public_html/writing writing.html
2000.07.18 23:16 B c:\my documents\encephalon_production\writing\WS_FTP.LOG --> oak.he.net /home/evanrose/public_html/writing WS_FTP.LOG
2000.07.18 23:17 B c:\my documents\encephalon_production\writing\you.html --> oak.he.net /home/evanrose/public_html/writing you.html
2000.07.18 23:17 B c:\my documents\encephalon_production\writing\youasked.html --> oak.he.net /home/evanrose/public_html/writing youasked.html
2000.07.18 23:30 B c:\my documents\encephalon_production\writing\index.html --> oak.he.net /home/evanrose/public_html/writing index.html
2000.07.18 23:30 B c:\my documents\encephalon_production\writing\index.html --> oak.he.net /home/evanrose/public_html/writing index.html
2000.07.29 00:07 B c:\my documents\encephalon_production\writing\aletter.html --> oak.he.net /home/evanrose/public_html/writing aletter.html
2000.07.29 00:07 B c:\my documents\encephalon_production\writing\alone.html --> oak.he.net /home/evanrose/public_html/writing alone.html
2000.07.29 00:07 B c:\my documents\encephalon_production\writing\anangry.html --> oak.he.net /home/evanrose/public_html/writing anangry.html
2000.07.29 00:07 B c:\my documents\encephalon_production\writing\article01.html --> oak.he.net /home/evanrose/public_html/writing article01.html
2000.07.29 00:08 B c:\my documents\encephalon_production\writing\article02.html --> oak.he.net /home/evanrose/public_html/writing article02.html
2000.07.29 00:08 B c:\my documents\encephalon_production\writing\article03.html --> oak.he.net /home/evanrose/public_html/writing article03.html
2000.07.29 00:08 B c:\my documents\encephalon_production\writing\beginning.html --> oak.he.net /home/evanrose/public_html/writing beginning.html
2000.07.29 00:09 B c:\my documents\encephalon_production\writing\blank.html --> oak.he.net /home/evanrose/public_html/writing blank.html
2000.07.29 00:09 B c:\my documents\encephalon_production\writing\ending.html --> oak.he.net /home/evanrose/public_html/writing ending.html
2000.07.29 00:09 B c:\my documents\encephalon_production\writing\fiction.html --> oak.he.net /home/evanrose/public_html/writing fiction.html
2000.07.29 00:09 B c:\my documents\encephalon_production\writing\flight.html --> oak.he.net /home/evanrose/public_html/writing flight.html
2000.07.29 00:09 B c:\my documents\encephalon_production\writing\godthis.html --> oak.he.net /home/evanrose/public_html/writing godthis.html
2000.07.29 00:09 B c:\my documents\encephalon_production\writing\hermind.html --> oak.he.net /home/evanrose/public_html/writing hermind.html
2000.07.29 00:09 B c:\my documents\encephalon_production\writing\index.html --> oak.he.net /home/evanrose/public_html/writing index.html
2000.07.29 00:09 B c:\my documents\encephalon_production\writing\iwatch.html --> oak.he.net /home/evanrose/public_html/writing iwatch.html
2000.07.29 00:09 B c:\my documents\encephalon_production\writing\laundry.html --> oak.he.net /home/evanrose/public_html/writing laundry.html
2000.07.29 00:09 B c:\my documents\encephalon_production\writing\letters.html --> oak.he.net /home/evanrose/public_html/writing letters.html
2000.07.29 00:09 B c:\my documents\encephalon_production\writing\nonfiction.html --> oak.he.net /home/evanrose/public_html/writing nonfiction.html
2000.07.29 00:09 B c:\my documents\encephalon_production\writing\ohiam.html --> oak.he.net /home/evanrose/public_html/writing ohiam.html
2000.07.29 00:09 B c:\my documents\encephalon_production\writing\question.html --> oak.he.net /home/evanrose/public_html/writing question.html
2000.07.29 00:09 B c:\my documents\encephalon_production\writing\sitting.html --> oak.he.net /home/evanrose/public_html/writing sitting.html
2000.07.29 00:09 B c:\my documents\encephalon_production\writing\sittingon.html --> oak.he.net /home/evanrose/public_html/writing sittingon.html
2000.07.29 00:09 B c:\my documents\encephalon_production\writing\soim.html --> oak.he.net /home/evanrose/public_html/writing soim.html
2000.07.29 00:09 B c:\my documents\encephalon_production\writing\thatgirl.html --> oak.he.net /home/evanrose/public_html/writing thatgirl.html
2000.07.29 00:09 B c:\my documents\encephalon_production\writing\thediner.html --> oak.he.net /home/evanrose/public_html/writing thediner.html
2000.07.29 00:10 B c:\my documents\encephalon_production\writing\theletter.html --> oak.he.net /home/evanrose/public_html/writing theletter.html
2000.07.29 00:10 B c:\my documents\encephalon_production\writing\thevery.html --> oak.he.net /home/evanrose/public_html/writing thevery.html
2000.07.29 00:10 B c:\my documents\encephalon_production\writing\transam.html --> oak.he.net /home/evanrose/public_html/writing transam.html
2000.07.29 00:10 B c:\my documents\encephalon_production\writing\waiting.html --> oak.he.net /home/evanrose/public_html/writing waiting.html
2000.07.29 00:10 B c:\my documents\encephalon_production\writing\weekend.html --> oak.he.net /home/evanrose/public_html/writing weekend.html
2000.07.29 00:10 B c:\my documents\encephalon_production\writing\what.html --> oak.he.net /home/evanrose/public_html/writing what.html
2000.07.29 00:10 B c:\my documents\encephalon_production\writing\wheni.html --> oak.he.net /home/evanrose/public_html/writing wheni.html
2000.07.29 00:10 B c:\my documents\encephalon_production\writing\whereis.html --> oak.he.net /home/evanrose/public_html/writing whereis.html
2000.07.29 00:10 B c:\my documents\encephalon_production\writing\writing.html --> oak.he.net /home/evanrose/public_html/writing writing.html
2000.07.29 00:10 B c:\my documents\encephalon_production\writing\WS_FTP.LOG --> oak.he.net /home/evanrose/public_html/writing WS_FTP.LOG
2000.07.29 00:10 B c:\my documents\encephalon_production\writing\you.html --> oak.he.net /home/evanrose/public_html/writing you.html
2000.07.29 00:10 B c:\my documents\encephalon_production\writing\youasked.html --> oak.he.net /home/evanrose/public_html/writing youasked.html
2000.09.30 22:19 B c:\my documents\encephalon_production\writing\.htaccess --> oak.he.net /home/evanrose/public_html/writing .htaccess
2000.09.30 22:19 B c:\my documents\encephalon_production\writing\aletter.html --> oak.he.net /home/evanrose/public_html/writing aletter.html
2000.09.30 22:19 B c:\my documents\encephalon_production\writing\alone.html --> oak.he.net /home/evanrose/public_html/writing alone.html
2000.09.30 22:19 B c:\my documents\encephalon_production\writing\anangry.html --> oak.he.net /home/evanrose/public_html/writing anangry.html
2000.09.30 22:19 B c:\my documents\encephalon_production\writing\article01.html --> oak.he.net /home/evanrose/public_html/writing article01.html
2000.09.30 22:19 B c:\my documents\encephalon_production\writing\article02.html --> oak.he.net /home/evanrose/public_html/writing article02.html
2000.09.30 22:19 B c:\my documents\encephalon_production\writing\article03.html --> oak.he.net /home/evanrose/public_html/writing article03.html
2000.09.30 22:19 B c:\my documents\encephalon_production\writing\beginning.html --> oak.he.net /home/evanrose/public_html/writing beginning.html
2000.09.30 22:19 B c:\my documents\encephalon_production\writing\blank.html --> oak.he.net /home/evanrose/public_html/writing blank.html
2000.09.30 22:19 B c:\my documents\encephalon_production\writing\ending.html --> oak.he.net /home/evanrose/public_html/writing ending.html
2000.09.30 22:19 B c:\my documents\encephalon_production\writing\fiction.html --> oak.he.net /home/evanrose/public_html/writing fiction.html
2000.09.30 22:19 B c:\my documents\encephalon_production\writing\flight.html --> oak.he.net /home/evanrose/public_html/writing flight.html
2000.09.30 22:20 B c:\my documents\encephalon_production\writing\godthis.html --> oak.he.net /home/evanrose/public_html/writing godthis.html
2000.09.30 22:20 B c:\my documents\encephalon_production\writing\hermind.html --> oak.he.net /home/evanrose/public_html/writing hermind.html
2000.09.30 22:20 B c:\my documents\encephalon_production\writing\index.html --> oak.he.net /home/evanrose/public_html/writing index.html
2000.09.30 22:20 B c:\my documents\encephalon_production\writing\iwatch.html --> oak.he.net /home/evanrose/public_html/writing iwatch.html
2000.09.30 22:20 B c:\my documents\encephalon_production\writing\laundry.html --> oak.he.net /home/evanrose/public_html/writing laundry.html
2000.09.30 22:20 B c:\my documents\encephalon_production\writing\letters.html --> oak.he.net /home/evanrose/public_html/writing letters.html
2000.09.30 22:20 B c:\my documents\encephalon_production\writing\nonfiction.html --> oak.he.net /home/evanrose/public_html/writing nonfiction.html
2000.09.30 22:20 B c:\my documents\encephalon_production\writing\ohiam.html --> oak.he.net /home/evanrose/public_html/writing ohiam.html
2000.09.30 22:20 B c:\my documents\encephalon_production\writing\question.html --> oak.he.net /home/evanrose/public_html/writing question.html
2000.09.30 22:20 B c:\my documents\encephalon_production\writing\sitting.html --> oak.he.net /home/evanrose/public_html/writing sitting.html
2000.09.30 22:20 B c:\my documents\encephalon_production\writing\sittingon.html --> oak.he.net /home/evanrose/public_html/writing sittingon.html
2000.09.30 22:20 B c:\my documents\encephalon_production\writing\soim.html --> oak.he.net /home/evanrose/public_html/writing soim.html
2000.09.30 22:20 B c:\my documents\encephalon_production\writing\thatgirl.html --> oak.he.net /home/evanrose/public_html/writing thatgirl.html
2000.09.30 22:20 B c:\my documents\encephalon_production\writing\thediner.html --> oak.he.net /home/evanrose/public_html/writing thediner.html
2000.09.30 22:20 B c:\my documents\encephalon_production\writing\theletter.html --> oak.he.net /home/evanrose/public_html/writing theletter.html
2000.09.30 22:20 B c:\my documents\encephalon_production\writing\thevery.html --> oak.he.net /home/evanrose/public_html/writing thevery.html
2000.09.30 22:20 B c:\my documents\encephalon_production\writing\transam.html --> oak.he.net /home/evanrose/public_html/writing transam.html
2000.09.30 22:20 B c:\my documents\encephalon_production\writing\waiting.html --> oak.he.net /home/evanrose/public_html/writing waiting.html
2000.09.30 22:20 B c:\my documents\encephalon_production\writing\weekend.html --> oak.he.net /home/evanrose/public_html/writing weekend.html
2000.09.30 22:20 B c:\my documents\encephalon_production\writing\what.html --> oak.he.net /home/evanrose/public_html/writing what.html
2000.09.30 22:20 B c:\my documents\encephalon_production\writing\wheni.html --> oak.he.net /home/evanrose/public_html/writing wheni.html
2000.09.30 22:20 B c:\my documents\encephalon_production\writing\whereis.html --> oak.he.net /home/evanrose/public_html/writing whereis.html
2000.09.30 22:20 B c:\my documents\encephalon_production\writing\writing.html --> oak.he.net /home/evanrose/public_html/writing writing.html
